26-May-2022 11:42:27.984 INFO [main] org.apache.catalina.startup.VersionLoggerListener.log Server version name:   Apache Tomcat/8.5.57
26-May-2022 11:42:28.000 INFO [main] org.apache.catalina.startup.VersionLoggerListener.log Server built:          Jun 30 2020 21:49:10 UTC
26-May-2022 11:42:28.000 INFO [main] org.apache.catalina.startup.VersionLoggerListener.log Server version number: 8.5.57.0
26-May-2022 11:42:28.003 INFO [main] org.apache.catalina.startup.VersionLoggerListener.log OS Name:               Mac OS X
26-May-2022 11:42:28.003 INFO [main] org.apache.catalina.startup.VersionLoggerListener.log OS Version:            11.6.1
26-May-2022 11:42:28.003 INFO [main] org.apache.catalina.startup.VersionLoggerListener.log Architecture:          x86_64
26-May-2022 11:42:28.003 INFO [main] org.apache.catalina.startup.VersionLoggerListener.log Java Home:             /Library/Internet Plug-Ins/JavaAppletPlugin.plugin/Contents/Home
26-May-2022 11:42:28.004 INFO [main] org.apache.catalina.startup.VersionLoggerListener.log JVM Version:           1.8.0_331-b09
26-May-2022 11:42:28.004 INFO [main] org.apache.catalina.startup.VersionLoggerListener.log JVM Vendor:            Oracle Corporation
26-May-2022 11:42:28.004 INFO [main] org.apache.catalina.startup.VersionLoggerListener.log CATALINA_BASE:         /Users/huynhhoang/Desktop/module3/lib/apache-tomcat-8.5.57
26-May-2022 11:42:28.004 INFO [main] org.apache.catalina.startup.VersionLoggerListener.log CATALINA_HOME:         /Users/huynhhoang/Desktop/module3/lib/apache-tomcat-8.5.57
26-May-2022 11:42:28.005 INFO [main] org.apache.catalina.startup.VersionLoggerListener.log Command line argument: -Djava.util.logging.config.file=/Users/huynhhoang/Desktop/module3/lib/apache-tomcat-8.5.57/conf/logging.properties
26-May-2022 11:42:28.005 INFO [main] org.apache.catalina.startup.VersionLoggerListener.log Command line argument: -Djava.util.logging.manager=org.apache.juli.ClassLoaderLogManager
26-May-2022 11:42:28.005 INFO [main] org.apache.catalina.startup.VersionLoggerListener.log Command line argument: -Djdk.tls.ephemeralDHKeySize=2048
26-May-2022 11:42:28.005 INFO [main] org.apache.catalina.startup.VersionLoggerListener.log Command line argument: -Djava.protocol.handler.pkgs=org.apache.catalina.webresources
26-May-2022 11:42:28.005 INFO [main] org.apache.catalina.startup.VersionLoggerListener.log Command line argument: -Dorg.apache.catalina.security.SecurityListener.UMASK=0027
26-May-2022 11:42:28.005 INFO [main] org.apache.catalina.startup.VersionLoggerListener.log Command line argument: -Dignore.endorsed.dirs=
26-May-2022 11:42:28.005 INFO [main] org.apache.catalina.startup.VersionLoggerListener.log Command line argument: -Dcatalina.base=/Users/huynhhoang/Desktop/module3/lib/apache-tomcat-8.5.57
26-May-2022 11:42:28.005 INFO [main] org.apache.catalina.startup.VersionLoggerListener.log Command line argument: -Dcatalina.home=/Users/huynhhoang/Desktop/module3/lib/apache-tomcat-8.5.57
26-May-2022 11:42:28.005 INFO [main] org.apache.catalina.startup.VersionLoggerListener.log Command line argument: -Djava.io.tmpdir=/Users/huynhhoang/Desktop/module3/lib/apache-tomcat-8.5.57/temp
26-May-2022 11:42:28.006 INFO [main] org.apache.catalina.core.AprLifecycleListener.lifecycleEvent The Apache Tomcat Native library which allows using OpenSSL was not found on the java.library.path: [/Users/huynhhoang/Library/Java/Extensions:/Library/Java/Extensions:/Network/Library/Java/Extensions:/System/Library/Java/Extensions:/usr/lib/java:.]
26-May-2022 11:42:29.217 INFO [main] org.apache.coyote.AbstractProtocol.init Initializing ProtocolHandler ["http-nio-8080"]
26-May-2022 11:42:29.251 INFO [main] org.apache.tomcat.util.net.NioSelectorPool.getSharedSelector Using a shared selector for servlet write/read
26-May-2022 11:42:29.270 INFO [main] org.apache.catalina.startup.Catalina.load Initialization processed in 2560 ms
26-May-2022 11:42:29.399 INFO [main] org.apache.catalina.core.StandardService.startInternal Starting service [Catalina]
26-May-2022 11:42:29.399 INFO [main] org.apache.catalina.core.StandardEngine.startInternal Starting Servlet Engine: Apache Tomcat/8.5.57
26-May-2022 11:42:29.410 INFO [localhost-startStop-1] org.apache.catalina.startup.HostConfig.deployDirectory Deploying web application directory [/Users/huynhhoang/Desktop/module3/lib/apache-tomcat-8.5.57/webapps/docs]
26-May-2022 11:42:29.698 INFO [localhost-startStop-1] org.apache.catalina.startup.HostConfig.deployDirectory Deployment of web application directory [/Users/huynhhoang/Desktop/module3/lib/apache-tomcat-8.5.57/webapps/docs] has finished in [288] ms
26-May-2022 11:42:29.698 INFO [localhost-startStop-1] org.apache.catalina.startup.HostConfig.deployDirectory Deploying web application directory [/Users/huynhhoang/Desktop/module3/lib/apache-tomcat-8.5.57/webapps/manager]
26-May-2022 11:42:29.732 INFO [localhost-startStop-1] org.apache.catalina.startup.HostConfig.deployDirectory Deployment of web application directory [/Users/huynhhoang/Desktop/module3/lib/apache-tomcat-8.5.57/webapps/manager] has finished in [34] ms
26-May-2022 11:42:29.732 INFO [localhost-startStop-1] org.apache.catalina.startup.HostConfig.deployDirectory Deploying web application directory [/Users/huynhhoang/Desktop/module3/lib/apache-tomcat-8.5.57/webapps/examples]
26-May-2022 11:42:30.025 INFO [localhost-startStop-1] org.apache.catalina.startup.HostConfig.deployDirectory Deployment of web application directory [/Users/huynhhoang/Desktop/module3/lib/apache-tomcat-8.5.57/webapps/examples] has finished in [293] ms
26-May-2022 11:42:30.025 INFO [localhost-startStop-1] org.apache.catalina.startup.HostConfig.deployDirectory Deploying web application directory [/Users/huynhhoang/Desktop/module3/lib/apache-tomcat-8.5.57/webapps/ROOT]
26-May-2022 11:42:30.038 INFO [localhost-startStop-1] org.apache.catalina.startup.HostConfig.deployDirectory Deployment of web application directory [/Users/huynhhoang/Desktop/module3/lib/apache-tomcat-8.5.57/webapps/ROOT] has finished in [13] ms
26-May-2022 11:42:30.039 INFO [localhost-startStop-1] org.apache.catalina.startup.HostConfig.deployDirectory Deploying web application directory [/Users/huynhhoang/Desktop/module3/lib/apache-tomcat-8.5.57/webapps/host-manager]
26-May-2022 11:42:30.055 INFO [localhost-startStop-1] org.apache.catalina.startup.HostConfig.deployDirectory Deployment of web application directory [/Users/huynhhoang/Desktop/module3/lib/apache-tomcat-8.5.57/webapps/host-manager] has finished in [16] ms
26-May-2022 11:42:30.057 INFO [main] org.apache.coyote.AbstractProtocol.start Starting ProtocolHandler ["http-nio-8080"]
26-May-2022 11:42:30.066 INFO [main] org.apache.catalina.startup.Catalina.start Server startup in 796 ms
26-May-2022 11:43:21.975 WARNING [main] org.apache.catalina.core.StandardServer.await Invalid shutdown command [] received
26-May-2022 11:45:57.276 WARNING [main] org.apache.catalina.core.StandardServer.await Invalid shutdown command [] received
26-May-2022 11:50:01.370 WARNING [main] org.apache.catalina.core.StandardServer.await Invalid shutdown command [] received
26-May-2022 11:52:29.539 WARNING [main] org.apache.catalina.core.StandardServer.await Invalid shutdown command [] received
26-May-2022 11:53:50.382 INFO [main] org.apache.catalina.core.StandardServer.await A valid shutdown command was received via the shutdown port. Stopping the Server instance.
26-May-2022 11:53:50.382 INFO [main] org.apache.coyote.AbstractProtocol.pause Pausing ProtocolHandler ["http-nio-8080"]
26-May-2022 11:53:50.393 INFO [main] org.apache.catalina.core.StandardService.stopInternal Stopping service [Catalina]
26-May-2022 11:53:50.420 INFO [main] org.apache.coyote.AbstractProtocol.stop Stopping ProtocolHandler ["http-nio-8080"]
26-May-2022 11:53:50.422 INFO [main] org.apache.coyote.AbstractProtocol.destroy Destroying ProtocolHandler ["http-nio-8080"]
